==176== Memcheck, a memory error detector
==176== Copyright (C) 2002-2017, and GNU GPL'd, by Julian Seward et al.
==176== Using Valgrind-3.18.1 and LibVEX; rerun with -h for copyright info
==176== Command: /tmp/tmpmfkq3aw3/student/zaj6ShapeDrawing/build//bin/tests
==176== 
Running main() from /tmp/tmpmfkq3aw3/student/zaj6ShapeDrawing/tests/lib/googletest/src/gtest_main.cc
[==========] Running 12 tests from 3 test suites.
[----------] Global test environment set-up.
[----------] 4 tests from RectangleTester
[ RUN      ] RectangleTester.constructorOfRectangleStartingInBeginningOfSystemCoordinate
[       OK ] RectangleTester.constructorOfRectangleStartingInBeginningOfSystemCoordinate (20 ms)
[ RUN      ] RectangleTester.isInMethodOfRectangleStartingInBeginningOfCoordinateSystem
[       OK ] RectangleTester.isInMethodOfRectangleStartingInBeginningOfCoordinateSystem (6 ms)
[ RUN      ] RectangleTester.isInMethodOfRectangleStartingNotInBeginningOfCoordinateSystem
[       OK ] RectangleTester.isInMethodOfRectangleStartingNotInBeginningOfCoordinateSystem (5 ms)
[ RUN      ] RectangleTester.constructorOfRectangleWithBothSitesEqualToZero
[       OK ] RectangleTester.constructorOfRectangleWithBothSitesEqualToZero (3 ms)
[----------] 4 tests from RectangleTester (47 ms total)

[----------] 4 tests from CircleTester
[ RUN      ] CircleTester.constructorOfCircleStartingInBeginningOfCoordinateSystem
[       OK ] CircleTester.constructorOfCircleStartingInBeginningOfCoordinateSystem (4 ms)
[ RUN      ] CircleTester.isInMethodOfCircleStartingInBeginningOfCoordinateSystem
[       OK ] CircleTester.isInMethodOfCircleStartingInBeginningOfCoordinateSystem (10 ms)
[ RUN      ] CircleTester.isInMethodOfCircleStartingNotInBeginningOfCoordinateSystem
[       OK ] CircleTester.isInMethodOfCircleStartingNotInBeginningOfCoordinateSystem (5 ms)
[ RUN      ] CircleTester.constructorOfCircleWithRadiusEqualToZero
[       OK ] CircleTester.constructorOfCircleWithRadiusEqualToZero (3 ms)
[----------] 4 tests from CircleTester (25 ms total)

[----------] 4 tests from ShapeCompositeTester
[ RUN      ] ShapeCompositeTester.sumOfSqhareAndCircle
/tmp/tmpmfkq3aw3/student/zaj6ShapeDrawing/tests/shapesTests.cpp:319: Failure
Failed
Required classes not implemented not implemented!
[  FAILED  ] ShapeCompositeTester.sumOfSqhareAndCircle (38 ms)
[ RUN      ] ShapeCompositeTester.intersectionOfSqhareAndCircle
/tmp/tmpmfkq3aw3/student/zaj6ShapeDrawing/tests/shapesTests.cpp:376: Failure
Failed
Required classes not implemented not implemented!
[  FAILED  ] ShapeCompositeTester.intersectionOfSqhareAndCircle (4 ms)
[ RUN      ] ShapeCompositeTester.differenceOfSqhareAndCircle
/tmp/tmpmfkq3aw3/student/zaj6ShapeDrawing/tests/shapesTests.cpp:431: Failure
Failed
Required classes not implemented not implemented!
[  FAILED  ] ShapeCompositeTester.differenceOfSqhareAndCircle (2 ms)
[ RUN      ] ShapeCompositeTester.drawingHouse
/tmp/tmpmfkq3aw3/student/zaj6ShapeDrawing/tests/shapesTests.cpp:495: Failure
Failed
Required classes not implemented not implemented!
[  FAILED  ] ShapeCompositeTester.drawingHouse (2 ms)
[----------] 4 tests from ShapeCompositeTester (52 ms total)

[----------] Global test environment tear-down
[==========] 12 tests from 3 test suites ran. (182 ms total)
[  PASSED  ] 8 tests.
[  FAILED  ] 4 tests, listed below:
[  FAILED  ] ShapeCompositeTester.sumOfSqhareAndCircle
[  FAILED  ] ShapeCompositeTester.intersectionOfSqhareAndCircle
[  FAILED  ] ShapeCompositeTester.differenceOfSqhareAndCircle
[  FAILED  ] ShapeCompositeTester.drawingHouse

 4 FAILED TESTS
==176== 
==176== HEAP SUMMARY:
==176==     in use at exit: 0 bytes in 0 blocks
==176==   total heap usage: 511 allocs, 511 frees, 155,746 bytes allocated
==176== 
==176== All heap blocks were freed -- no leaks are possible
==176== 
==176== For lists of detected and suppressed errors, rerun with: -s
==176== ERROR SUMMARY: 0 errors from 0 contexts (suppressed: 0 from 0)
