Running main() from /tmp/tmp70yuhqk_/student/lab2systems/tests/lib/googletest/src/gtest_main.cc
[==========] Running 16 tests from 2 test suites.
[----------] Global test environment set-up.
[----------] 9 tests from LinuxTester
[ RUN      ] LinuxTester.defaultConstructor
[       OK ] LinuxTester.defaultConstructor (0 ms)
[ RUN      ] LinuxTester.constructorWithSingleArgument
[       OK ] LinuxTester.constructorWithSingleArgument (0 ms)
[ RUN      ] LinuxTester.destructor
[       OK ] LinuxTester.destructor (0 ms)
[ RUN      ] LinuxTester.addSingleUser_expectedUserIdReturned
[       OK ] LinuxTester.addSingleUser_expectedUserIdReturned (0 ms)
[ RUN      ] LinuxTester.user_expectedNewlyAddedUserReturned
[       OK ] LinuxTester.user_expectedNewlyAddedUserReturned (0 ms)
[ RUN      ] LinuxTester.userHomeDirectory_expectedCorrectUserHomeDirectoryReturned
[       OK ] LinuxTester.userHomeDirectory_expectedCorrectUserHomeDirectoryReturned (0 ms)
[ RUN      ] LinuxTester.instanceConstructionAndDestruction_expectedOpenSourceSympathizersChanges
[       OK ] LinuxTester.instanceConstructionAndDestruction_expectedOpenSourceSympathizersChanges (0 ms)
[ RUN      ] LinuxTester.characterType_definedInsideClass
[       OK ] LinuxTester.characterType_definedInsideClass (0 ms)
[ RUN      ] LinuxTester.testOptionalGraphicEnvironment
[       OK ] LinuxTester.testOptionalGraphicEnvironment (0 ms)
[----------] 9 tests from LinuxTester (0 ms total)

[----------] 7 tests from WindowsTester
[ RUN      ] WindowsTester.defaultConstructor
/tmp/tmp70yuhqk_/student/lab2systems/tests/windowsTests.cpp:49: Failure
Failed
Function not implemented
[  FAILED  ] WindowsTester.defaultConstructor (0 ms)
[ RUN      ] WindowsTester.constructorWithSingleArgument
/tmp/tmp70yuhqk_/student/lab2systems/tests/windowsTests.cpp:65: Failure
Failed
Function not implemented
[  FAILED  ] WindowsTester.constructorWithSingleArgument (0 ms)
[ RUN      ] WindowsTester.addSingleUser_expectedUserIdReturned
/tmp/tmp70yuhqk_/student/lab2systems/tests/windowsTests.cpp:83: Failure
Failed
Function not implemented
[  FAILED  ] WindowsTester.addSingleUser_expectedUserIdReturned (0 ms)
[ RUN      ] WindowsTester.user_expectedNewlyAddedUserReturned
/tmp/tmp70yuhqk_/student/lab2systems/tests/windowsTests.cpp:101: Failure
Failed
Function not implemented
[  FAILED  ] WindowsTester.user_expectedNewlyAddedUserReturned (0 ms)
[ RUN      ] WindowsTester.userHomeDirectory_expectedCorrectUserHomeDirectoryReturned
/tmp/tmp70yuhqk_/student/lab2systems/tests/windowsTests.cpp:121: Failure
Failed
Function not implemented
[  FAILED  ] WindowsTester.userHomeDirectory_expectedCorrectUserHomeDirectoryReturned (0 ms)
[ RUN      ] WindowsTester.instanceConstructionAndDestruction_expectedOpenSourceSympathizersChanges
/tmp/tmp70yuhqk_/student/lab2systems/tests/windowsTests.cpp:141: Failure
Failed
Function not implemented
[  FAILED  ] WindowsTester.instanceConstructionAndDestruction_expectedOpenSourceSympathizersChanges (0 ms)
[ RUN      ] WindowsTester.characterType_definedInsideClass
/tmp/tmp70yuhqk_/student/lab2systems/tests/windowsTests.cpp:172: Failure
Failed
Function not implemented
[  FAILED  ] WindowsTester.characterType_definedInsideClass (0 ms)
[----------] 7 tests from WindowsTester (0 ms total)

[----------] Global test environment tear-down
[==========] 16 tests from 2 test suites ran. (0 ms total)
[  PASSED  ] 9 tests.
[  FAILED  ] 7 tests, listed below:
[  FAILED  ] WindowsTester.defaultConstructor
[  FAILED  ] WindowsTester.constructorWithSingleArgument
[  FAILED  ] WindowsTester.addSingleUser_expectedUserIdReturned
[  FAILED  ] WindowsTester.user_expectedNewlyAddedUserReturned
[  FAILED  ] WindowsTester.userHomeDirectory_expectedCorrectUserHomeDirectoryReturned
[  FAILED  ] WindowsTester.instanceConstructionAndDestruction_expectedOpenSourceSympathizersChanges
[  FAILED  ] WindowsTester.characterType_definedInsideClass

 7 FAILED TESTS
