==181== Memcheck, a memory error detector
==181== Copyright (C) 2002-2017, and GNU GPL'd, by Julian Seward et al.
==181== Using Valgrind-3.18.1 and LibVEX; rerun with -h for copyright info
==181== Command: /tmp/tmp70yuhqk_/student/lab2systems/build//bin/tests
==181== 
Running main() from /tmp/tmp70yuhqk_/student/lab2systems/tests/lib/googletest/src/gtest_main.cc
[==========] Running 16 tests from 2 test suites.
[----------] Global test environment set-up.
[----------] 9 tests from LinuxTester
[ RUN      ] LinuxTester.defaultConstructor
[       OK ] LinuxTester.defaultConstructor (29 ms)
[ RUN      ] LinuxTester.constructorWithSingleArgument
[       OK ] LinuxTester.constructorWithSingleArgument (4 ms)
[ RUN      ] LinuxTester.destructor
[       OK ] LinuxTester.destructor (4 ms)
[ RUN      ] LinuxTester.addSingleUser_expectedUserIdReturned
[       OK ] LinuxTester.addSingleUser_expectedUserIdReturned (13 ms)
[ RUN      ] LinuxTester.user_expectedNewlyAddedUserReturned
[       OK ] LinuxTester.user_expectedNewlyAddedUserReturned (5 ms)
[ RUN      ] LinuxTester.userHomeDirectory_expectedCorrectUserHomeDirectoryReturned
[       OK ] LinuxTester.userHomeDirectory_expectedCorrectUserHomeDirectoryReturned (5 ms)
[ RUN      ] LinuxTester.instanceConstructionAndDestruction_expectedOpenSourceSympathizersChanges
[       OK ] LinuxTester.instanceConstructionAndDestruction_expectedOpenSourceSympathizersChanges (8 ms)
[ RUN      ] LinuxTester.characterType_definedInsideClass
[       OK ] LinuxTester.characterType_definedInsideClass (2 ms)
[ RUN      ] LinuxTester.testOptionalGraphicEnvironment
[       OK ] LinuxTester.testOptionalGraphicEnvironment (7 ms)
[----------] 9 tests from LinuxTester (93 ms total)

[----------] 7 tests from WindowsTester
[ RUN      ] WindowsTester.defaultConstructor
/tmp/tmp70yuhqk_/student/lab2systems/tests/windowsTests.cpp:49: Failure
Failed
Function not implemented
[  FAILED  ] WindowsTester.defaultConstructor (36 ms)
[ RUN      ] WindowsTester.constructorWithSingleArgument
/tmp/tmp70yuhqk_/student/lab2systems/tests/windowsTests.cpp:65: Failure
Failed
Function not implemented
[  FAILED  ] WindowsTester.constructorWithSingleArgument (4 ms)
[ RUN      ] WindowsTester.addSingleUser_expectedUserIdReturned
/tmp/tmp70yuhqk_/student/lab2systems/tests/windowsTests.cpp:83: Failure
Failed
Function not implemented
[  FAILED  ] WindowsTester.addSingleUser_expectedUserIdReturned (2 ms)
[ RUN      ] WindowsTester.user_expectedNewlyAddedUserReturned
/tmp/tmp70yuhqk_/student/lab2systems/tests/windowsTests.cpp:101: Failure
Failed
Function not implemented
[  FAILED  ] WindowsTester.user_expectedNewlyAddedUserReturned (2 ms)
[ RUN      ] WindowsTester.userHomeDirectory_expectedCorrectUserHomeDirectoryReturned
/tmp/tmp70yuhqk_/student/lab2systems/tests/windowsTests.cpp:121: Failure
Failed
Function not implemented
[  FAILED  ] WindowsTester.userHomeDirectory_expectedCorrectUserHomeDirectoryReturned (2 ms)
[ RUN      ] WindowsTester.instanceConstructionAndDestruction_expectedOpenSourceSympathizersChanges
/tmp/tmp70yuhqk_/student/lab2systems/tests/windowsTests.cpp:141: Failure
Failed
Function not implemented
[  FAILED  ] WindowsTester.instanceConstructionAndDestruction_expectedOpenSourceSympathizersChanges (2 ms)
[ RUN      ] WindowsTester.characterType_definedInsideClass
/tmp/tmp70yuhqk_/student/lab2systems/tests/windowsTests.cpp:172: Failure
Failed
Function not implemented
[  FAILED  ] WindowsTester.characterType_definedInsideClass (2 ms)
[----------] 7 tests from WindowsTester (57 ms total)

[----------] Global test environment tear-down
[==========] 16 tests from 2 test suites ran. (204 ms total)
[  PASSED  ] 9 tests.
[  FAILED  ] 7 tests, listed below:
[  FAILED  ] WindowsTester.defaultConstructor
[  FAILED  ] WindowsTester.constructorWithSingleArgument
[  FAILED  ] WindowsTester.addSingleUser_expectedUserIdReturned
[  FAILED  ] WindowsTester.user_expectedNewlyAddedUserReturned
[  FAILED  ] WindowsTester.userHomeDirectory_expectedCorrectUserHomeDirectoryReturned
[  FAILED  ] WindowsTester.instanceConstructionAndDestruction_expectedOpenSourceSympathizersChanges
[  FAILED  ] WindowsTester.characterType_definedInsideClass

 7 FAILED TESTS
==181== 
==181== HEAP SUMMARY:
==181==     in use at exit: 0 bytes in 0 blocks
==181==   total heap usage: 601 allocs, 601 frees, 173,780 bytes allocated
==181== 
==181== All heap blocks were freed -- no leaks are possible
==181== 
==181== For lists of detected and suppressed errors, rerun with: -s
==181== ERROR SUMMARY: 0 errors from 0 contexts (suppressed: 0 from 0)
