Running main() from /tmp/tmpu5dzztfz/student/zaj8i9UniqueObjectList_and_parser/unitTests/lib/googletest/src/gtest_main.cc
[==========] Running 15 tests from 1 test suite.
[----------] Global test environment set-up.
[----------] 15 tests from ObjectListTester
[ RUN      ] ObjectListTester.constructionWithDefaultConstructor_expectedAllElementsAreZero
[       OK ] ObjectListTester.constructionWithDefaultConstructor_expectedAllElementsAreZero (0 ms)
[ RUN      ] ObjectListTester.pushFrontOfElements_expectedSizeIncreases
[       OK ] ObjectListTester.pushFrontOfElements_expectedSizeIncreases (0 ms)
[ RUN      ] ObjectListTester.pushFrontOfDuplicatedElements_expectedSizeIncreasesOnlyWhenUniqueElementAdded
[       OK ] ObjectListTester.pushFrontOfDuplicatedElements_expectedSizeIncreasesOnlyWhenUniqueElementAdded (0 ms)
[ RUN      ] ObjectListTester.popFrontOfElements_expectedSizeDecreases
[       OK ] ObjectListTester.popFrontOfElements_expectedSizeDecreases (0 ms)
[ RUN      ] ObjectListTester.frontOfLists_expectedCorrectFirstElementReturned
[       OK ] ObjectListTester.frontOfLists_expectedCorrectFirstElementReturned (0 ms)
[ RUN      ] ObjectListTester.clear_expectedAllElementsRemoved
[       OK ] ObjectListTester.clear_expectedAllElementsRemoved (0 ms)
[ RUN      ] ObjectListTester.reverse_expectedAllElementsReversed
[       OK ] ObjectListTester.reverse_expectedAllElementsReversed (0 ms)
[ RUN      ] ObjectListTester.iteratorMethodsSyntaxCorrect_expectedChecksPasses
[       OK ] ObjectListTester.iteratorMethodsSyntaxCorrect_expectedChecksPasses (0 ms)
[ RUN      ] ObjectListTester.loopingWithIterators_expectedSuccess
[       OK ] ObjectListTester.loopingWithIterators_expectedSuccess (0 ms)
[ RUN      ] ObjectListTester.eraseAfterMiddleElement_expectedMiddleElementErased
[       OK ] ObjectListTester.eraseAfterMiddleElement_expectedMiddleElementErased (0 ms)
[ RUN      ] ObjectListTester.eraseMiddleElement_expectedMiddleElementErased
[       OK ] ObjectListTester.eraseMiddleElement_expectedMiddleElementErased (0 ms)
[ RUN      ] ObjectListTester.copyConstructorImplemented_expected2ListsWithTheSameElementsInTheSameOrder
[       OK ] ObjectListTester.copyConstructorImplemented_expected2ListsWithTheSameElementsInTheSameOrder (0 ms)
[ RUN      ] ObjectListTester.moveConstructorImplemented_expectedAllElementsMovedToOrderContainer
/tmp/tmpu5dzztfz/student/zaj8i9UniqueObjectList_and_parser/unitTests/objectUniqueListTest.cpp:379: Failure
Expected equality of these values:
  0
  myList.size()
    Which is: 10
[  FAILED  ] ObjectListTester.moveConstructorImplemented_expectedAllElementsMovedToOrderContainer (0 ms)
[ RUN      ] ObjectListTester.assignmentOperatorCopying_expectedNewValues
[       OK ] ObjectListTester.assignmentOperatorCopying_expectedNewValues (0 ms)
[ RUN      ] ObjectListTester.assignmentOperatorMoving_expectedAllElementsMoved
/tmp/tmpu5dzztfz/student/zaj8i9UniqueObjectList_and_parser/unitTests/objectUniqueListTest.cpp:488: Failure
Expected equality of these values:
  0
  myList2.size()
    Which is: 10
[  FAILED  ] ObjectListTester.assignmentOperatorMoving_expectedAllElementsMoved (0 ms)
[----------] 15 tests from ObjectListTester (0 ms total)

[----------] Global test environment tear-down
[==========] 15 tests from 1 test suite ran. (0 ms total)
[  PASSED  ] 13 tests.
[  FAILED  ] 2 tests, listed below:
[  FAILED  ] ObjectListTester.moveConstructorImplemented_expectedAllElementsMovedToOrderContainer
[  FAILED  ] ObjectListTester.assignmentOperatorMoving_expectedAllElementsMoved

 2 FAILED TESTS
Running main() from /tmp/tmpu5dzztfz/student/zaj8i9UniqueObjectList_and_parser/unitTests/lib/googletest/src/gtest_main.cc
[==========] Running 6 tests from 2 test suites.
[----------] Global test environment set-up.
[----------] 2 tests from CommandsParserSystemTester
[ RUN      ] CommandsParserSystemTester.executingOurProgramWithoutAnyInput_expectedNoOutput
/tmp/tmpu5dzztfz/student/zaj8i9UniqueObjectList_and_parser/systemTests/executableTests.cpp:184: Failure
Expected equality of these values:
  0
  output.linesOfStdout_.size()
    Which is: 2
[  FAILED  ] CommandsParserSystemTester.executingOurProgramWithoutAnyInput_expectedNoOutput (2 ms)
[ RUN      ] CommandsParserSystemTester.testInvalidCommand
/tmp/tmpu5dzztfz/student/zaj8i9UniqueObjectList_and_parser/systemTests/executableTests.cpp:195: Failure
Expected equality of these values:
  0
  output.linesOfStdout_.size()
    Which is: 2
expectedNoOutput, but realOutput:
Hello Michal Czosnyka!
make Your teacher: bazior[at]agh.edu.pl proud of you!

[  FAILED  ] CommandsParserSystemTester.testInvalidCommand (2 ms)
[----------] 2 tests from CommandsParserSystemTester (4 ms total)

[----------] 4 tests from CommandsParserSystemTester/CommandsParserSystemTester
[ RUN      ] CommandsParserSystemTester/CommandsParserSystemTester.testVariousScenariosUsingInputAndOutputFiles/0
/tmp/tmpu5dzztfz/student/zaj8i9UniqueObjectList_and_parser/systemTests/executableTests.cpp:208: Failure
Expected equality of these values:
  expectedOutputFileLines.size()
    Which is: 1
  output.linesOfStdout_.size()
    Which is: 2
expectedOutput:
StringObject("Kazdy test, ktory przechodzi, to wiecej punktow!")

realOutput:
Hello Michal Czosnyka!
make Your teacher: bazior[at]agh.edu.pl proud of you!

[  FAILED  ] CommandsParserSystemTester/CommandsParserSystemTester.testVariousScenariosUsingInputAndOutputFiles/0, where GetParam() = "sumStringObject" (2 ms)
[ RUN      ] CommandsParserSystemTester/CommandsParserSystemTester.testVariousScenariosUsingInputAndOutputFiles/1
/tmp/tmpu5dzztfz/student/zaj8i9UniqueObjectList_and_parser/systemTests/executableTests.cpp:208: Failure
Expected equality of these values:
  expectedOutputFileLines.size()
    Which is: 1
  output.linesOfStdout_.size()
    Which is: 2
expectedOutput:
DoubleObject(5.000000)

realOutput:
Hello Michal Czosnyka!
make Your teacher: bazior[at]agh.edu.pl proud of you!

[  FAILED  ] CommandsParserSystemTester/CommandsParserSystemTester.testVariousScenariosUsingInputAndOutputFiles/1, where GetParam() = "sumDoubleObject" (2 ms)
[ RUN      ] CommandsParserSystemTester/CommandsParserSystemTester.testVariousScenariosUsingInputAndOutputFiles/2
/tmp/tmpu5dzztfz/student/zaj8i9UniqueObjectList_and_parser/systemTests/executableTests.cpp:208: Failure
Expected equality of these values:
  expectedOutputFileLines.size()
    Which is: 4
  output.linesOfStdout_.size()
    Which is: 2
expectedOutput:
IntObject(6)
DoubleObject(10.000000)
StringObject("Grazyna i JanuszGrazyna i Janusz")
ComplexObject(8+4i)

realOutput:
Hello Michal Czosnyka!
make Your teacher: bazior[at]agh.edu.pl proud of you!

[  FAILED  ] CommandsParserSystemTester/CommandsParserSystemTester.testVariousScenariosUsingInputAndOutputFiles/2, where GetParam() = "mulDifferentTypes" (2 ms)
[ RUN      ] CommandsParserSystemTester/CommandsParserSystemTester.testVariousScenariosUsingInputAndOutputFiles/3
/tmp/tmpu5dzztfz/student/zaj8i9UniqueObjectList_and_parser/systemTests/executableTests.cpp:208: Failure
Expected equality of these values:
  expectedOutputFileLines.size()
    Which is: 5
  output.linesOfStdout_.size()
    Which is: 2
expectedOutput:
ComplexObject(1+4i)
ComplexObject(4-2i)
ComplexObject(44)
ComplexObject(0+22i)
ComplexObject(0+1i)

realOutput:
Hello Michal Czosnyka!
make Your teacher: bazior[at]agh.edu.pl proud of you!

[  FAILED  ] CommandsParserSystemTester/CommandsParserSystemTester.testVariousScenariosUsingInputAndOutputFiles/3, where GetParam() = "getByIndexComplexObject" (2 ms)
[----------] 4 tests from CommandsParserSystemTester/CommandsParserSystemTester (8 ms total)

[----------] Global test environment tear-down
[==========] 6 tests from 2 test suites ran. (13 ms total)
[  PASSED  ] 0 tests.
[  FAILED  ] 6 tests, listed below:
[  FAILED  ] CommandsParserSystemTester.executingOurProgramWithoutAnyInput_expectedNoOutput
[  FAILED  ] CommandsParserSystemTester.testInvalidCommand
[  FAILED  ] CommandsParserSystemTester/CommandsParserSystemTester.testVariousScenariosUsingInputAndOutputFiles/0, where GetParam() = "sumStringObject"
[  FAILED  ] CommandsParserSystemTester/CommandsParserSystemTester.testVariousScenariosUsingInputAndOutputFiles/1, where GetParam() = "sumDoubleObject"
[  FAILED  ] CommandsParserSystemTester/CommandsParserSystemTester.testVariousScenariosUsingInputAndOutputFiles/2, where GetParam() = "mulDifferentTypes"
[  FAILED  ] CommandsParserSystemTester/CommandsParserSystemTester.testVariousScenariosUsingInputAndOutputFiles/3, where GetParam() = "getByIndexComplexObject"

 6 FAILED TESTS
